Started GET "/" for ::1 at 2022-05-23 19:11:38 -0500
  [1m[35m (1.3ms)[0m  [1m[34mSELECT sqlite_version(*)[0m
Processing by Rails::WelcomeController#index as HTML
  Rendering /usr/share/rvm/gems/ruby-3.0.3/gems/railties-7.0.3/lib/rails/templates/rails/welcome/index.html.erb
  Rendered /usr/share/rvm/gems/ruby-3.0.3/gems/railties-7.0.3/lib/rails/templates/rails/welcome/index.html.erb (Duration: 1.2ms | Allocations: 828)
Completed 200 OK in 10ms (Views: 4.6ms | ActiveRecord: 0.0ms | Allocations: 7464)


  [1m[35m (0.7ms)[0m  [1m[34mSELECT sqlite_version(*)[0m
  [1m[35m (8.3ms)[0m  [1m[35mCREATE TABLE "schema_migrations" ("version" varchar NOT NULL PRIMARY KEY)[0m
  [1m[35m (3.9ms)[0m  [1m[35mCREATE TABLE "ar_internal_metadata" ("key" varchar NOT NULL PRIMARY KEY, "value" varchar, "created_at" datetime(6) NOT NULL, "updated_at" datetime(6) NOT NULL)[0m
  [1m[36mActiveRecord::SchemaMigration Pluck (0.2ms)[0m  [1m[34mSELECT "schema_migrations"."version" FROM "schema_migrations" ORDER BY "schema_migrations"."version" ASC[0m
Migrating to CreateBooks (20220524002543)
  [1m[36mTRANSACTION (0.1ms)[0m  [1m[36mbegin transaction[0m
  [1m[35m (0.3ms)[0m  [1m[35mCREATE TABLE "books" ("id" integer PRIMARY KEY AUTOINCREMENT NOT NULL, "title" varchar, "body" text, "created_at" datetime(6) NOT NULL, "updated_at" datetime(6) NOT NULL)[0m
  [1m[36mActiveRecord::SchemaMigration Create (0.1ms)[0m  [1m[32mINSERT INTO "schema_migrations" ("version") VALUES (?)[0m  [["version", "20220524002543"]]
  [1m[36mTRANSACTION (3.3ms)[0m  [1m[36mcommit transaction[0m
  [1m[36mActiveRecord::InternalMetadata Load (0.1ms)[0m  [1m[34mSELECT "ar_internal_metadata".* FROM "ar_internal_metadata" WHERE "ar_internal_metadata"."key" = ? LIMIT ?[0m  [["key", "environment"], ["LIMIT", 1]]
  [1m[36mTRANSACTION (0.0ms)[0m  [1m[36mbegin transaction[0m
  [1m[36mActiveRecord::InternalMetadata Create (0.2ms)[0m  [1m[32mINSERT INTO "ar_internal_metadata" ("key", "value", "created_at", "updated_at") VALUES (?, ?, ?, ?)[0m  [["key", "environment"], ["value", "development"], ["created_at", "2022-05-24 00:25:56.043007"], ["updated_at", "2022-05-24 00:25:56.043007"]]
  [1m[36mTRANSACTION (2.2ms)[0m  [1m[36mcommit transaction[0m
  [1m[35m (0.0ms)[0m  [1m[34mSELECT sqlite_version(*)[0m
  [1m[36mActiveRecord::SchemaMigration Pluck (0.1ms)[0m  [1m[34mSELECT "schema_migrations"."version" FROM "schema_migrations" ORDER BY "schema_migrations"."version" ASC[0m
Started GET "/api/v1/books" for ::1 at 2022-05-23 20:12:01 -0500
  [1m[35m (0.4ms)[0m  [1m[34mSELECT sqlite_version(*)[0m
  [1m[36mActiveRecord::SchemaMigration Pluck (0.1ms)[0m  [1m[34mSELECT "schema_migrations"."version" FROM "schema_migrations" ORDER BY "schema_migrations"."version" ASC[0m
Processing by Api::V1::BooksController#index as HTML
  [1m[36mBook Load (0.2ms)[0m  [1m[34mSELECT "books".* FROM "books"[0m
  ↳ app/controllers/api/v1/books_controller.rb:7:in `index'
Completed 200 OK in 10ms (Views: 1.4ms | ActiveRecord: 0.2ms | Allocations: 14759)


Started GET "/favicon.ico" for ::1 at 2022-05-23 20:12:01 -0500
  
ActionController::RoutingError (No route matches [GET] "/favicon.ico"):
  
  [1m[35m (0.7ms)[0m  [1m[34mSELECT sqlite_version(*)[0m
  [1m[36mTRANSACTION (0.0ms)[0m  [1m[36mbegin transaction[0m
  [1m[36mBook Create (0.2ms)[0m  [1m[32mINSERT INTO "books" ("title", "body", "created_at", "updated_at") VALUES (?, ?, ?, ?)[0m  [["title", "El Tao"], ["body", "El camino "], ["created_at", "2022-05-24 01:15:50.490981"], ["updated_at", "2022-05-24 01:15:50.490981"]]
  [1m[36mTRANSACTION (6.6ms)[0m  [1m[36mcommit transaction[0m
  [1m[36mTRANSACTION (0.1ms)[0m  [1m[36mbegin transaction[0m
  [1m[36mBook Create (0.2ms)[0m  [1m[32mINSERT INTO "books" ("title", "body", "created_at", "updated_at") VALUES (?, ?, ?, ?)[0m  [["title", "Biblia"], ["body", "Jehova "], ["created_at", "2022-05-24 01:16:16.278444"], ["updated_at", "2022-05-24 01:16:16.278444"]]
  [1m[36mTRANSACTION (7.2ms)[0m  [1m[36mcommit transaction[0m
Started GET "/api/v1/books" for ::1 at 2022-05-23 20:16:38 -0500
  [1m[35m (0.4ms)[0m  [1m[34mSELECT sqlite_version(*)[0m
  [1m[36mActiveRecord::SchemaMigration Pluck (0.1ms)[0m  [1m[34mSELECT "schema_migrations"."version" FROM "schema_migrations" ORDER BY "schema_migrations"."version" ASC[0m
Processing by Api::V1::BooksController#index as HTML
  [1m[36mBook Load (0.2ms)[0m  [1m[34mSELECT "books".* FROM "books"[0m
  ↳ app/controllers/api/v1/books_controller.rb:7:in `index'
Completed 200 OK in 16ms (Views: 6.3ms | ActiveRecord: 0.7ms | Allocations: 19775)


Started GET "/api/v1/books" for ::1 at 2022-05-23 20:44:15 -0500
Processing by Api::V1::BooksController#index as HTML
  [1m[35m (0.1ms)[0m  [1m[34mSELECT sqlite_version(*)[0m
  ↳ app/controllers/api/v1/books_controller.rb:7:in `index'
  [1m[36mBook Load (0.1ms)[0m  [1m[34mSELECT "books".* FROM "books"[0m
  ↳ app/controllers/api/v1/books_controller.rb:7:in `index'
Completed 200 OK in 3ms (Views: 3.1ms | ActiveRecord: 0.7ms | Allocations: 1699)


Started GET "/api/v1/books" for ::1 at 2022-05-23 20:44:15 -0500
Processing by Api::V1::BooksController#index as HTML
  [1m[36mBook Load (0.1ms)[0m  [1m[34mSELECT "books".* FROM "books"[0m
  ↳ app/controllers/api/v1/books_controller.rb:7:in `index'
Completed 200 OK in 2ms (Views: 1.5ms | ActiveRecord: 0.1ms | Allocations: 892)


  [1m[35m (1.6ms)[0m  [1m[34mSELECT sqlite_version(*)[0m
  [1m[36mTRANSACTION (0.1ms)[0m  [1m[36mbegin transaction[0m
  [1m[36mBook Create (0.3ms)[0m  [1m[32mINSERT INTO "books" ("title", "body", "created_at", "updated_at") VALUES (?, ?, ?, ?)[0m  [["title", "Star Wars"], ["body", "dart vader te partira "], ["created_at", "2022-05-24 01:46:57.848145"], ["updated_at", "2022-05-24 01:46:57.848145"]]
  [1m[36mTRANSACTION (4.4ms)[0m  [1m[36mcommit transaction[0m
Started GET "/api/v1/books" for ::1 at 2022-05-23 20:47:47 -0500
Processing by Api::V1::BooksController#index as HTML
  [1m[36mBook Load (0.1ms)[0m  [1m[34mSELECT "books".* FROM "books"[0m
  ↳ app/controllers/api/v1/books_controller.rb:7:in `index'
Completed 200 OK in 2ms (Views: 1.2ms | ActiveRecord: 0.1ms | Allocations: 1013)


Started GET "/api/v1/books" for ::1 at 2022-05-23 20:47:47 -0500
Processing by Api::V1::BooksController#index as HTML
  [1m[36mBook Load (0.1ms)[0m  [1m[34mSELECT "books".* FROM "books"[0m
  ↳ app/controllers/api/v1/books_controller.rb:7:in `index'
Completed 200 OK in 1ms (Views: 1.2ms | ActiveRecord: 0.1ms | Allocations: 1001)


Started GET "/api/v1/books" for ::1 at 2022-05-23 20:49:57 -0500
  [1m[35m (0.4ms)[0m  [1m[34mSELECT sqlite_version(*)[0m
  [1m[36mActiveRecord::SchemaMigration Pluck (0.1ms)[0m  [1m[34mSELECT "schema_migrations"."version" FROM "schema_migrations" ORDER BY "schema_migrations"."version" ASC[0m
Processing by Api::V1::BooksController#index as HTML
  [1m[36mBook Load (0.1ms)[0m  [1m[34mSELECT "books".* FROM "books"[0m
  ↳ app/controllers/api/v1/books_controller.rb:7:in `index'
Completed 200 OK in 14ms (Views: 6.5ms | ActiveRecord: 0.6ms | Allocations: 19920)


Started GET "/api/v1/books" for ::1 at 2022-05-23 20:50:48 -0500
Processing by Api::V1::BooksController#index as HTML
  [1m[36mBook Load (0.1ms)[0m  [1m[34mSELECT "books".* FROM "books"[0m
  ↳ app/controllers/api/v1/books_controller.rb:7:in `index'
Completed 200 OK in 2ms (Views: 1.7ms | ActiveRecord: 0.1ms | Allocations: 1107)


Started GET "/api/v1/books" for ::1 at 2022-05-23 20:50:48 -0500
Processing by Api::V1::BooksController#index as HTML
  [1m[36mBook Load (0.1ms)[0m  [1m[34mSELECT "books".* FROM "books"[0m
  ↳ app/controllers/api/v1/books_controller.rb:7:in `index'
Completed 200 OK in 3ms (Views: 2.1ms | ActiveRecord: 0.1ms | Allocations: 1001)


